TN:
SF:/home/mu/github/dc/src/agglutinator.js
FN:1,agglutinator
FN:13,(anonymous_1)
FNF:2
FNH:2
FNDA:7,agglutinator
FNDA:42,(anonymous_1)
DA:1,2
DA:2,7
DA:13,7
DA:14,42
DA:15,15
DA:16,15
DA:17,15
DA:20,42
DA:21,25
DA:22,25
DA:24,17
DA:25,17
DA:28,42
LF:13
LH:13
BRDA:14,0,0,15
BRDA:14,0,1,27
BRDA:20,1,0,25
BRDA:20,1,1,17
BRF:4
BRH:4
end_of_record
TN:
SF:/home/mu/github/dc/src/datasetKeys.js
FN:1,datasetKeys
FN:2,(anonymous_1)
FN:4,(anonymous_2)
FN:5,(anonymous_3)
FNF:4
FNH:4
FNDA:7,datasetKeys
FNDA:18,(anonymous_1)
FNDA:25,(anonymous_2)
FNDA:25,(anonymous_3)
DA:1,3
DA:2,7
DA:3,18
DA:4,25
DA:5,18
DA:6,25
DA:7,11
DA:11,18
LF:8
LH:8
BRDA:3,0,0,18
BRDA:3,0,1,0
BRDA:3,1,0,18
BRDA:3,1,1,18
BRDA:3,1,2,18
BRDA:6,2,0,11
BRDA:6,2,1,14
BRF:7
BRH:6
end_of_record
TN:
SF:/home/mu/github/dc/src/entropy.js
FN:3,entropy
FN:4,(anonymous_1)
FN:5,(anonymous_2)
FN:6,(anonymous_3)
FNF:4
FNH:4
FNDA:48,entropy
FNDA:97,(anonymous_1)
FNDA:97,(anonymous_2)
FNDA:97,(anonymous_3)
DA:1,4
DA:3,4
DA:4,97
DA:5,97
DA:6,48
DA:7,97
DA:8,97
DA:11,0
LF:8
LH:7
BRDA:4,0,0,48
BRDA:4,0,1,0
BRDA:4,1,0,97
BRDA:4,1,1,97
BRF:4
BRH:3
end_of_record
TN:
SF:/home/mu/github/dc/src/expandUndefined.js
FN:1,mkExpand
FN:2,keyedExpand
FN:3,(anonymous_2)
FN:4,(anonymous_3)
FNF:4
FNH:4
FNDA:3,mkExpand
FNDA:8,keyedExpand
FNDA:14,(anonymous_2)
FNDA:18,(anonymous_3)
DA:1,2
DA:2,3
DA:3,8
DA:4,18
DA:5,14
LF:5
LH:5
BRDA:5,0,0,14
BRDA:5,0,1,2
BRF:2
BRH:2
end_of_record
TN:
SF:/home/mu/github/dc/src/gain.js
FN:3,gain
FN:7,(anonymous_1)
FNF:2
FNH:2
FNDA:13,gain
FNDA:32,(anonymous_1)
DA:1,3
DA:3,3
DA:4,13
DA:5,13
DA:6,13
DA:8,32
DA:9,32
LF:7
LH:7
BRF:0
BRH:0
end_of_record
TN:
SF:/home/mu/github/dc/src/id3.js
FN:7,id3
FN:22,(anonymous_1)
FN:27,(anonymous_2)
FN:31,(anonymous_3)
FN:33,(anonymous_4)
FN:34,(anonymous_5)
FNF:6
FNH:6
FNDA:4,id3
FNDA:1,(anonymous_1)
FNDA:2,(anonymous_2)
FNDA:2,(anonymous_3)
FNDA:2,(anonymous_4)
FNDA:2,(anonymous_5)
DA:1,1
DA:2,1
DA:3,1
DA:4,1
DA:5,1
DA:7,1
DA:8,4
DA:9,2
DA:11,4
DA:12,4
DA:13,4
DA:15,4
DA:22,1
DA:25,4
DA:26,1
DA:27,2
DA:28,1
DA:30,1
DA:31,2
DA:33,2
DA:35,2
DA:36,2
DA:39,3
LF:23
LH:23
BRDA:8,0,0,2
BRDA:8,0,1,2
BRDA:22,1,0,0
BRDA:22,1,1,1
BRDA:25,2,0,1
BRDA:25,2,1,3
BRF:6
BRH:5
end_of_record
TN:
SF:/home/mu/github/dc/src/mcgraw2scaffold.js
FN:1,mcgraw2scaffold
FNF:1
FNH:1
FNDA:5,mcgraw2scaffold
DA:1,1
DA:2,5
LF:2
LH:2
BRF:0
BRH:0
end_of_record
TN:
SF:/home/mu/github/dc/src/mkCollimer.js
FN:1,mkCollimer
FN:2,collimer
FN:4,(anonymous_2)
FN:5,(anonymous_3)
FNF:4
FNH:4
FNDA:5,mkCollimer
FNDA:10,collimer
FNDA:24,(anonymous_2)
FNDA:72,(anonymous_3)
DA:1,2
DA:2,5
DA:3,10
DA:4,24
DA:5,72
LF:5
LH:5
BRF:0
BRH:0
end_of_record
TN:
SF:/home/mu/github/dc/src/mkDatasetShrink.js
FN:1,mkDatasetShrink
FN:2,datasetShrink
FN:4,(anonymous_2)
FN:5,(anonymous_3)
FN:8,(anonymous_4)
FN:9,(anonymous_5)
FNF:6
FNH:6
FNDA:3,mkDatasetShrink
FNDA:6,datasetShrink
FNDA:44,(anonymous_2)
FNDA:106,(anonymous_3)
FNDA:18,(anonymous_4)
FNDA:56,(anonymous_5)
DA:1,2
DA:2,3
DA:3,6
DA:4,44
DA:5,106
DA:8,18
DA:9,56
LF:7
LH:7
BRDA:5,0,0,106
BRDA:5,0,1,44
BRDA:9,1,0,56
BRDA:9,1,1,18
BRF:4
BRH:4
end_of_record
TN:
SF:/home/mu/github/dc/src/mkGerm.js
FN:3,mkgerm
FN:4,germination
FN:11,(anonymous_2)
FNF:3
FNH:3
FNDA:6,mkgerm
FNDA:7,germination
FNDA:16,(anonymous_2)
DA:1,2
DA:3,2
DA:4,6
DA:5,7
DA:7,7
DA:8,7
DA:9,7
DA:11,7
DA:12,16
DA:13,9
DA:14,7
DA:15,0
DA:16,7
DA:17,1
DA:19,6
DA:21,16
DA:24,7
LF:17
LH:16
BRDA:12,0,0,9
BRDA:12,0,1,7
BRDA:14,1,0,0
BRDA:14,1,1,7
BRDA:16,2,0,1
BRDA:16,2,1,6
BRF:6
BRH:5
end_of_record
TN:
SF:/home/mu/github/dc/src/normalize.js
FN:4,normalize
FN:7,(anonymous_1)
FNF:2
FNH:2
FNDA:2,normalize
FNDA:4,(anonymous_1)
DA:1,1
DA:2,1
DA:4,1
DA:5,2
DA:6,2
DA:7,4
LF:6
LH:6
BRF:0
BRH:0
end_of_record
TN:
SF:/home/mu/github/dc/src/plog2p.js
FN:1,plog2p
FNF:1
FNH:1
FNDA:102,plog2p
DA:1,5
DA:2,102
DA:3,102
DA:4,86
DA:5,16
DA:6,14
DA:8,2
LF:7
LH:7
BRDA:3,0,0,86
BRDA:3,0,1,16
BRDA:3,1,0,102
BRDA:3,1,1,101
BRDA:5,2,0,14
BRDA:5,2,1,2
BRDA:5,3,0,16
BRDA:5,3,1,15
BRF:8
BRH:8
end_of_record
TN:
SF:/home/mu/github/dc/tests/agglutinator.spec.js
FN:142,(anonymous_0)
FN:146,(anonymous_1)
FNF:2
FNH:2
FNDA:1,(anonymous_0)
FNDA:1,(anonymous_1)
DA:1,1
DA:2,1
DA:4,1
DA:5,1
DA:7,1
DA:66,1
DA:125,1
DA:134,1
DA:142,1
DA:143,1
DA:146,1
DA:147,1
LF:12
LH:12
BRF:0
BRH:0
end_of_record
TN:
SF:/home/mu/github/dc/tests/ava.spec.js
FN:3,(anonymous_0)
FNF:1
FNH:1
FNDA:1,(anonymous_0)
DA:1,1
DA:3,1
DA:4,1
LF:3
LH:3
BRF:0
BRH:0
end_of_record
TN:
SF:/home/mu/github/dc/tests/datasetkeys.spec.js
FN:4,(anonymous_0)
FN:12,(anonymous_1)
FN:20,(anonymous_2)
FNF:3
FNH:3
FNDA:1,(anonymous_0)
FNDA:1,(anonymous_1)
FNDA:1,(anonymous_2)
DA:1,1
DA:2,1
DA:4,1
DA:5,1
DA:9,1
DA:12,1
DA:13,1
DA:17,1
DA:20,1
DA:21,1
DA:27,1
LF:11
LH:11
BRF:0
BRH:0
end_of_record
TN:
SF:/home/mu/github/dc/tests/entropy.spec.js
FN:4,(anonymous_4)
FNF:1
FNH:1
FNDA:1,(anonymous_4)
DA:1,1
DA:2,1
DA:4,2
DA:5,1
DA:6,1
DA:7,1
DA:9,1
DA:10,1
DA:12,1
LF:9
LH:9
BRDA:7,0,0,1
BRDA:7,0,1,1
BRDA:10,1,0,1
BRDA:10,1,1,1
BRF:4
BRH:4
end_of_record
TN:
SF:/home/mu/github/dc/tests/expandUndefined.spec.js
FN:6,(anonymous_0)
FN:15,(anonymous_1)
FN:25,(anonymous_2)
FN:35,(anonymous_3)
FNF:4
FNH:4
FNDA:1,(anonymous_0)
FNDA:1,(anonymous_1)
FNDA:1,(anonymous_2)
FNDA:1,(anonymous_3)
DA:1,1
DA:2,1
DA:4,1
DA:6,1
DA:7,1
DA:11,1
DA:12,1
DA:15,1
DA:16,1
DA:21,1
DA:22,1
DA:25,1
DA:26,1
DA:31,1
DA:32,1
DA:35,1
DA:36,1
DA:39,1
DA:40,1
LF:19
LH:19
BRF:0
BRH:0
end_of_record
TN:
SF:/home/mu/github/dc/tests/gain.spec.js
FN:43,(anonymous_4)
FN:47,(anonymous_5)
FN:51,(anonymous_6)
FN:55,(anonymous_7)
FNF:4
FNH:4
FNDA:1,(anonymous_4)
FNDA:1,(anonymous_5)
FNDA:1,(anonymous_6)
FNDA:1,(anonymous_7)
DA:1,1
DA:2,1
DA:4,1
DA:5,1
DA:7,1
DA:15,1
DA:22,1
DA:29,1
DA:38,1
DA:39,1
DA:40,1
DA:41,1
DA:43,1
DA:44,1
DA:45,1
DA:47,1
DA:48,1
DA:49,1
DA:51,1
DA:52,1
DA:53,1
DA:55,1
DA:56,1
DA:57,1
LF:24
LH:24
BRDA:45,0,0,1
BRDA:45,0,1,1
BRDA:49,1,0,1
BRDA:49,1,1,1
BRDA:53,2,0,1
BRDA:53,2,1,1
BRDA:57,3,0,1
BRDA:57,3,1,1
BRF:8
BRH:8
end_of_record
TN:
SF:/home/mu/github/dc/tests/id3.spec.js
FN:7,(anonymous_0)
FN:24,(anonymous_1)
FNF:2
FNH:2
FNDA:1,(anonymous_0)
FNDA:1,(anonymous_1)
DA:1,1
DA:2,1
DA:4,1
DA:5,1
DA:7,1
DA:8,1
DA:12,1
DA:19,1
DA:21,1
DA:24,1
DA:25,1
DA:31,1
DA:33,1
DA:35,1
LF:14
LH:14
BRF:0
BRH:0
end_of_record
TN:
SF:/home/mu/github/dc/tests/mcgraw2scaffold.spec.js
FN:12,(anonymous_4)
FN:17,(anonymous_5)
FN:26,(anonymous_6)
FN:38,(anonymous_7)
FN:43,(anonymous_8)
FN:50,(anonymous_9)
FNF:6
FNH:6
FNDA:1,(anonymous_4)
FNDA:1,(anonymous_5)
FNDA:1,(anonymous_6)
FNDA:1,(anonymous_7)
FNDA:2,(anonymous_8)
FNDA:1,(anonymous_9)
DA:1,1
DA:2,1
DA:4,1
DA:12,1
DA:13,1
DA:14,1
DA:17,1
DA:18,1
DA:19,1
DA:20,1
DA:22,0
DA:26,1
DA:27,1
DA:28,1
DA:29,0
DA:30,1
DA:31,1
DA:32,1
DA:34,0
DA:38,1
DA:39,1
DA:40,1
DA:41,0
DA:42,1
DA:43,2
DA:44,1
DA:46,0
DA:50,1
DA:51,1
LF:29
LH:24
BRDA:19,0,0,1
BRDA:19,0,1,0
BRDA:28,1,0,0
BRDA:28,1,1,1
BRDA:30,2,0,1
BRDA:30,2,1,0
BRDA:30,3,0,1
BRDA:30,3,1,1
BRDA:40,4,0,0
BRDA:40,4,1,1
BRDA:42,5,0,1
BRDA:42,5,1,0
BRDA:42,6,0,1
BRDA:42,6,1,1
BRDA:43,7,0,2
BRDA:43,7,1,2
BRF:16
BRH:11
end_of_record
TN:
SF:/home/mu/github/dc/tests/mkCollimer.spec.js
FN:28,(anonymous_0)
FNF:1
FNH:1
FNDA:1,(anonymous_0)
DA:1,1
DA:2,1
DA:3,1
DA:26,1
DA:28,1
DA:29,1
DA:31,1
DA:32,1
DA:34,1
DA:35,1
DA:37,1
DA:38,1
DA:40,1
DA:41,1
DA:43,1
DA:44,1
LF:16
LH:16
BRF:0
BRH:0
end_of_record
TN:
SF:/home/mu/github/dc/tests/mkDatasetShrink.spec.js
FN:44,(anonymous_0)
FN:48,(anonymous_1)
FN:71,(anonymous_2)
FNF:3
FNH:3
FNDA:1,(anonymous_0)
FNDA:1,(anonymous_1)
FNDA:1,(anonymous_2)
DA:1,1
DA:2,1
DA:4,1
DA:5,1
DA:6,1
DA:7,1
DA:9,1
DA:26,1
DA:27,1
DA:29,1
DA:37,1
DA:44,1
DA:45,1
DA:48,1
DA:49,1
DA:52,1
DA:59,1
DA:60,1
DA:62,1
DA:66,1
DA:71,1
DA:72,1
DA:73,1
DA:74,1
LF:24
LH:24
BRF:0
BRH:0
end_of_record
TN:
SF:/home/mu/github/dc/tests/mkGerm.spec.js
FN:14,(anonymous_0)
FN:29,(anonymous_1)
FNF:2
FNH:2
FNDA:1,(anonymous_0)
FNDA:1,(anonymous_1)
DA:1,1
DA:2,1
DA:3,1
DA:5,1
DA:14,1
DA:15,1
DA:24,1
DA:26,1
DA:29,1
DA:30,1
DA:39,1
DA:41,1
LF:12
LH:12
BRF:0
BRH:0
end_of_record
TN:
SF:/home/mu/github/dc/tests/normalize.spec.js
FN:4,(anonymous_0)
FN:25,(anonymous_1)
FNF:2
FNH:2
FNDA:1,(anonymous_0)
FNDA:1,(anonymous_1)
DA:1,1
DA:2,1
DA:4,1
DA:5,1
DA:21,1
DA:22,1
DA:25,1
DA:26,1
DA:39,1
DA:53,1
DA:54,1
LF:11
LH:11
BRF:0
BRH:0
end_of_record
TN:
SF:/home/mu/github/dc/tests/plog2p.spec.js
FN:4,(anonymous_0)
FN:9,(anonymous_1)
FNF:2
FNH:2
FNDA:1,(anonymous_0)
FNDA:1,(anonymous_1)
DA:1,1
DA:2,1
DA:4,1
DA:5,1
DA:6,1
DA:9,1
DA:10,1
DA:11,1
DA:12,1
DA:13,1
DA:14,1
LF:11
LH:11
BRF:0
BRH:0
end_of_record
